Using pre-set license
Built from '2022.3/staging' branch; Version is '2022.3.22f1 (887be4894c44) revision 8944612'; Using compiler version '192829333'; Build Type 'Release'
OS: 'Windows 11  (10.0.22631) 64bit Professional' Language: 'en' Physical Memory: 16151 MB
BatchMode: 1, IsHumanControllingUs: 0, StartBugReporterOnCrash: 0, Is64bit: 1, IsPro: 1

COMMAND LINE ARGUMENTS:
C:\Program Files\Unity\Hub\Editor\2022.3.22f1\Editor\Unity.exe
-adb2
-batchMode
-noUpm
-name
AssetImportWorker0
-projectPath
E:/unity projs/CRUSADE REALM
-logFile
Logs/AssetImportWorker0.log
-srvPort
62483
Successfully changed project path to: E:/unity projs/CRUSADE REALM
E:/unity projs/CRUSADE REALM
[UnityMemory] Configuration Parameters - Can be set up in boot.config
    "memorysetup-bucket-allocator-granularity=16"
    "memorysetup-bucket-allocator-bucket-count=8"
    "memorysetup-bucket-allocator-block-size=33554432"
    "memorysetup-bucket-allocator-block-count=8"
    "memorysetup-main-allocator-block-size=16777216"
    "memorysetup-thread-allocator-block-size=16777216"
    "memorysetup-gfx-main-allocator-block-size=16777216"
    "memorysetup-gfx-thread-allocator-block-size=16777216"
    "memorysetup-cache-allocator-block-size=4194304"
    "memorysetup-typetree-allocator-block-size=2097152"
    "memorysetup-profiler-bucket-allocator-granularity=16"
    "memorysetup-profiler-bucket-allocator-bucket-count=8"
    "memorysetup-profiler-bucket-allocator-block-size=33554432"
    "memorysetup-profiler-bucket-allocator-block-count=8"
    "memorysetup-profiler-allocator-block-size=16777216"
    "memorysetup-profiler-editor-allocator-block-size=1048576"
    "memorysetup-temp-allocator-size-main=16777216"
    "memorysetup-job-temp-allocator-block-size=2097152"
    "memorysetup-job-temp-allocator-block-size-background=1048576"
    "memorysetup-job-temp-allocator-reduction-small-platforms=262144"
    "memorysetup-allocator-temp-initial-block-size-main=262144"
    "memorysetup-allocator-temp-initial-block-size-worker=262144"
    "memorysetup-temp-allocator-size-background-worker=32768"
    "memorysetup-temp-allocator-size-job-worker=262144"
    "memorysetup-temp-allocator-size-preload-manager=33554432"
    "memorysetup-temp-allocator-size-nav-mesh-worker=65536"
    "memorysetup-temp-allocator-size-audio-worker=65536"
    "memorysetup-temp-allocator-size-cloud-worker=32768"
    "memorysetup-temp-allocator-size-gi-baking-worker=262144"
    "memorysetup-temp-allocator-size-gfx=262144"
Player connection [8416] Host "[IP] 192.168.1.8 [Port] 0 [Flags] 2 [Guid] 625917476 [EditorId] 625917476 [Version] 1048832 [Id] WindowsEditor(7,hmmm-hmmm) [Debug] 1 [PackageName] WindowsEditor [ProjectName] Editor" joined multi-casting on [225.0.0.222:54997]...

Player connection [8416] Host "[IP] 192.168.1.8 [Port] 0 [Flags] 2 [Guid] 625917476 [EditorId] 625917476 [Version] 1048832 [Id] WindowsEditor(7,hmmm-hmmm) [Debug] 1 [PackageName] WindowsEditor [ProjectName] Editor" joined alternative multi-casting on [225.0.0.222:34997]...

[Physics::Module] Initialized MultithreadedJobDispatcher with 7 workers.
Refreshing native plugins compatible for Editor in 13.58 ms, found 4 plugins.
Preloading 0 native plugins for Editor in 0.00 ms.
Initialize engine version: 2022.3.22f1 (887be4894c44)
[Subsystems] Discovering subsystems at path C:/Program Files/Unity/Hub/Editor/2022.3.22f1/Editor/Data/Resources/UnitySubsystems
[Subsystems] Discovering subsystems at path E:/unity projs/CRUSADE REALM/Assets
GfxDevice: creating device client; threaded=0; jobified=0
Direct3D:
    Version:  Direct3D 11.0 [level 11.1]
    Renderer: NVIDIA GeForce MX230 (ID=0x1d11)
    Vendor:   NVIDIA
    VRAM:     4012 MB
    Driver:   31.0.15.5222
Initialize mono
Mono path[0] = 'C:/Program Files/Unity/Hub/Editor/2022.3.22f1/Editor/Data/Managed'
Mono path[1] = 'C:/Program Files/Unity/Hub/Editor/2022.3.22f1/Editor/Data/MonoBleedingEdge/lib/mono/unityjit-win32'
Mono config path = 'C:/Program Files/Unity/Hub/Editor/2022.3.22f1/Editor/Data/MonoBleedingEdge/etc'
Using monoOptions --debugger-agent=transport=dt_socket,embedding=1,server=y,suspend=n,address=127.0.0.1:56840
Begin MonoManager ReloadAssembly
Registering precompiled unity dll's ...
Register platform support module: C:/Program Files/Unity/Hub/Editor/2022.3.22f1/Editor/Data/PlaybackEngines/WindowsStandaloneSupport/UnityEditor.WindowsStandalone.Extensions.dll
Registered in 0.010659 seconds.
- Loaded All Assemblies, in  0.616 seconds
Native extension for WindowsStandalone target not found
Mono: successfully reloaded assembly
- Finished resetting the current domain, in  0.480 seconds
Domain Reload Profiling: 1094ms
	BeginReloadAssembly (175ms)
		ExecutionOrderSort (0ms)
		DisableScriptedObjects (0ms)
		BackupInstance (0ms)
		ReleaseScriptingObjects (0ms)
		CreateAndSetChildDomain (2ms)
	RebuildCommonClasses (66ms)
	RebuildNativeTypeToScriptingClass (17ms)
	initialDomainReloadingComplete (103ms)
	LoadAllAssembliesAndSetupDomain (251ms)
		LoadAssemblies (170ms)
		RebuildTransferFunctionScriptingTraits (0ms)
		AnalyzeDomain (249ms)
			TypeCache.Refresh (246ms)
				TypeCache.ScanAssembly (223ms)
			ScanForSourceGeneratedMonoScriptInfo (1ms)
			ResolveRequiredComponents (1ms)
	FinalizeReload (481ms)
		ReleaseScriptCaches (0ms)
		RebuildScriptCaches (0ms)
		SetupLoadedEditorAssemblies (375ms)
			LogAssemblyErrors (0ms)
			InitializePlatformSupportModulesInManaged (18ms)
			SetLoadedEditorAssemblies (13ms)
			RefreshPlugins (0ms)
			BeforeProcessingInitializeOnLoad (4ms)
			ProcessInitializeOnLoadAttributes (257ms)
			ProcessInitializeOnLoadMethodAttributes (82ms)
			AfterProcessingInitializeOnLoad (0ms)
			EditorAssembliesLoaded (0ms)
		ExecutionOrderSort2 (0ms)
		AwakeInstancesAfterBackupRestoration (0ms)
========================================================================
Worker process is ready to serve import requests
Begin MonoManager ReloadAssembly
- Loaded All Assemblies, in  0.998 seconds
Refreshing native plugins compatible for Editor in 3.21 ms, found 4 plugins.
Native extension for WindowsStandalone target not found
Package Manager log level set to [2]
[Package Manager] Server::EnsureServerProcessIsRunning -- launch failed, reason: Unity was launched with the -noUpm command-line argument
[Package Manager] UpmClient::Send -- Unable to send message (not connected to UPM process).
[Package Manager] Cannot connect to Unity Package Manager local server
Mono: successfully reloaded assembly
- Finished resetting the current domain, in  0.793 seconds
Domain Reload Profiling: 1788ms
	BeginReloadAssembly (252ms)
		ExecutionOrderSort (0ms)
		DisableScriptedObjects (9ms)
		BackupInstance (0ms)
		ReleaseScriptingObjects (0ms)
		CreateAndSetChildDomain (31ms)
	RebuildCommonClasses (63ms)
	RebuildNativeTypeToScriptingClass (18ms)
	initialDomainReloadingComplete (67ms)
	LoadAllAssembliesAndSetupDomain (595ms)
		LoadAssemblies (486ms)
		RebuildTransferFunctionScriptingTraits (0ms)
		AnalyzeDomain (257ms)
			TypeCache.Refresh (223ms)
				TypeCache.ScanAssembly (203ms)
			ScanForSourceGeneratedMonoScriptInfo (26ms)
			ResolveRequiredComponents (7ms)
	FinalizeReload (793ms)
		ReleaseScriptCaches (0ms)
		RebuildScriptCaches (0ms)
		SetupLoadedEditorAssemblies (576ms)
			LogAssemblyErrors (0ms)
			InitializePlatformSupportModulesInManaged (6ms)
			SetLoadedEditorAssemblies (5ms)
			RefreshPlugins (0ms)
			BeforeProcessingInitializeOnLoad (85ms)
			ProcessInitializeOnLoadAttributes (428ms)
			ProcessInitializeOnLoadMethodAttributes (45ms)
			AfterProcessingInitializeOnLoad (7ms)
			EditorAssembliesLoaded (0ms)
		ExecutionOrderSort2 (0ms)
		AwakeInstancesAfterBackupRestoration (9ms)
Launched and connected shader compiler UnityShaderCompiler.exe after 0.05 seconds
Refreshing native plugins compatible for Editor in 2.76 ms, found 4 plugins.
Preloading 0 native plugins for Editor in 0.00 ms.
Unloading 4036 Unused Serialized files (Serialized files now loaded: 0)
Unloading 70 unused Assets / (244.2 KB). Loaded Objects now: 4491.
Memory consumption went from 143.5 MB to 143.2 MB.
Total: 4.225900 ms (FindLiveObjects: 0.350100 ms CreateObjectMapping: 0.242200 ms MarkObjects: 3.366800 ms  DeleteObjects: 0.264900 ms)

AssetImportParameters requested are different than current active one (requested -> active):
  custom:container-demuxer-ogg: 62fdf1f143b41e24485cea50d1cbac27 -> 
  custom:video-decoder-ogg-theora: a1e56fd34408186e4bbccfd4996cb3dc -> 
  custom:framework-win-MediaFoundation: 216162199b28c13a410421893ffa2e32 -> 
  custom:CustomObjectIndexerAttribute: 9a22284fe3817be447336de3de66b15e -> 
  custom:container-demuxer-webm: 4f35f7cbe854078d1ac9338744f61a02 -> 
  custom:container-muxer-webm: aa71ff27fc2769a1b78a27578f13a17b -> 
  custom:video-decoder-webm-vp8: 9c59270c3fd7afecdb556c50c9e8de78 -> 
  custom:SearchIndexIgnoredProperties: e643bd26f0fe6173181afceb89e7c659 -> 
  custom:AudioImporter_EditorPlatform: d09bf68614088b80899f8185d706f6e7 -> 
  custom:video-encoder-webm-vp8: eb34c28f22e8b96e1ab97ce403110664 -> 
  custom:audio-decoder-ogg-vorbis: bf7c407c2cedff20999df2af8eb42d56 -> 
  custom:audio-encoder-webm-vorbis: bf7c407c2cedff20999df2af8eb42d56 -> 
========================================================================
Received Import Request.
  Time since last request: 14082.494032 seconds.
  path: Assets/Tilemap.prefab
  artifactKey: Guid(f8d77ec756e869f44ad0476164d8b624) Importer(815301076,1909f56bfc062723c751e8b465ee728b)
Start importing Assets/Tilemap.prefab using Guid(f8d77ec756e869f44ad0476164d8b624) Importer(815301076,1909f56bfc062723c751e8b465ee728b)  -> (artifact id: 'b9e45143728d7af912f0cb66053bd1c5') in 0.138926 seconds
Number of updated asset objects reloaded before import = 0
Number of asset objects unloaded after import = 23
========================================================================
Received Import Request.
  Time since last request: 501.502379 seconds.
  path: Assets/ART/Town/enviroments/props/barrel.png
  artifactKey: Guid(c5114fce5c627f04581e7800d5786e22) Importer(815301076,1909f56bfc062723c751e8b465ee728b)
Start importing Assets/ART/Town/enviroments/props/barrel.png using Guid(c5114fce5c627f04581e7800d5786e22) Importer(815301076,1909f56bfc062723c751e8b465ee728b)  -> (artifact id: 'b7266354d2486e2458f5aa519596b892') in 0.069608 seconds
Number of updated asset objects reloaded before import = 0
Number of asset objects unloaded after import = 3
========================================================================
Received Import Request.
  Time since last request: 0.000097 seconds.
  path: Assets/ART/Town/enviroments/props/house-b.png
  artifactKey: Guid(3a0e01d4a2fb8144bb4b1ea989f8cdce) Importer(815301076,1909f56bfc062723c751e8b465ee728b)
Start importing Assets/ART/Town/enviroments/props/house-b.png using Guid(3a0e01d4a2fb8144bb4b1ea989f8cdce) Importer(815301076,1909f56bfc062723c751e8b465ee728b)  -> (artifact id: 'e11732ff9006812960de15c03f20f6fd') in 0.030874 seconds
Number of updated asset objects reloaded before import = 0
Number of asset objects unloaded after import = 3
========================================================================
Received Import Request.
  Time since last request: 0.000053 seconds.
  path: Assets/ART/Town/enviroments/props/sign.png
  artifactKey: Guid(df452dd76c68e9a4694c1c33ae5c8267) Importer(815301076,1909f56bfc062723c751e8b465ee728b)
Start importing Assets/ART/Town/enviroments/props/sign.png using Guid(df452dd76c68e9a4694c1c33ae5c8267) Importer(815301076,1909f56bfc062723c751e8b465ee728b)  -> (artifact id: 'f6405c72be799dc4718e1d830de0aa1b') in 0.023412 seconds
Number of updated asset objects reloaded before import = 0
Number of asset objects unloaded after import = 3
========================================================================
Received Import Request.
  Time since last request: 0.000028 seconds.
  path: Assets/ART/Town/enviroments/props/wagon.png
  artifactKey: Guid(05f2de3119b5d1a42946c1e2fc6a8c74) Importer(815301076,1909f56bfc062723c751e8b465ee728b)
Start importing Assets/ART/Town/enviroments/props/wagon.png using Guid(05f2de3119b5d1a42946c1e2fc6a8c74) Importer(815301076,1909f56bfc062723c751e8b465ee728b)  -> (artifact id: '6ac08136d7736b964bad5634e97684ad') in 0.026037 seconds
Number of updated asset objects reloaded before import = 0
Number of asset objects unloaded after import = 3
========================================================================
Received Import Request.
  Time since last request: 0.000033 seconds.
  path: Assets/ART/Town/enviroments/props/street-lamp.png
  artifactKey: Guid(4476984137432cb4fb62deef6ace8663) Importer(815301076,1909f56bfc062723c751e8b465ee728b)
Start importing Assets/ART/Town/enviroments/props/street-lamp.png using Guid(4476984137432cb4fb62deef6ace8663) Importer(815301076,1909f56bfc062723c751e8b465ee728b)  -> (artifact id: '5e712223ec13f09cf031c8e7d6cec057') in 0.024527 seconds
Number of updated asset objects reloaded before import = 0
Number of asset objects unloaded after import = 3
========================================================================
Received Import Request.
  Time since last request: 0.000028 seconds.
  path: Assets/ART/Town/enviroments/props/well.png
  artifactKey: Guid(5795dbaf12817ee489e708d876ac6ccd) Importer(815301076,1909f56bfc062723c751e8b465ee728b)
Start importing Assets/ART/Town/enviroments/props/well.png using Guid(5795dbaf12817ee489e708d876ac6ccd) Importer(815301076,1909f56bfc062723c751e8b465ee728b)  -> (artifact id: '2e6363932a7fdcbaad519e6d6bf85970') in 0.021882 seconds
Number of updated asset objects reloaded before import = 0
Number of asset objects unloaded after import = 3
========================================================================
Received Import Request.
  Time since last request: 242.484112 seconds.
  path: Assets/Prefabs/Player.prefab
  artifactKey: Guid(22901ee502f07c9459d4db74fda537a6) Importer(815301076,1909f56bfc062723c751e8b465ee728b)
Start importing Assets/Prefabs/Player.prefab using Guid(22901ee502f07c9459d4db74fda537a6) Importer(815301076,1909f56bfc062723c751e8b465ee728b)  -> (artifact id: '1408bd07ebe283502ce22d35cad2328d') in 0.068651 seconds
Number of updated asset objects reloaded before import = 0
Number of asset objects unloaded after import = 71
========================================================================
Received Import Request.
  Time since last request: 4.756331 seconds.
  path: Assets/Prefabs/TOWN
  artifactKey: Guid(d4d0d3e5c39fc33418d56f684ee19e17) Importer(815301076,1909f56bfc062723c751e8b465ee728b)
Start importing Assets/Prefabs/TOWN using Guid(d4d0d3e5c39fc33418d56f684ee19e17) Importer(815301076,1909f56bfc062723c751e8b465ee728b)  -> (artifact id: '0d173f5609af3f40ec5c5e9c63f03c2b') in 0.000618 seconds
Number of updated asset objects reloaded before import = 0
Number of asset objects unloaded after import = 0
========================================================================
Received Import Request.
  Time since last request: 8.237900 seconds.
  path: Assets/Prefabs/TOWN/1.prefab
  artifactKey: Guid(999add3622b92cc41a3d220dc8424e7e) Importer(815301076,1909f56bfc062723c751e8b465ee728b)
Start importing Assets/Prefabs/TOWN/1.prefab using Guid(999add3622b92cc41a3d220dc8424e7e) Importer(815301076,1909f56bfc062723c751e8b465ee728b)  -> (artifact id: '3aec014e8e6e5f3854407af3eb71eb0e') in 0.016602 seconds
Number of updated asset objects reloaded before import = 0
Number of asset objects unloaded after import = 26
========================================================================
Received Import Request.
  Time since last request: 30.296428 seconds.
  path: Assets/ART/Town/sprtes
  artifactKey: Guid(a7a5078089db05b45bd8fbc521098832) Importer(815301076,1909f56bfc062723c751e8b465ee728b)
Start importing Assets/ART/Town/sprtes using Guid(a7a5078089db05b45bd8fbc521098832) Importer(815301076,1909f56bfc062723c751e8b465ee728b)  -> (artifact id: '4470efe3018fed7f5a309c32d2592b72') in 0.020321 seconds
Number of updated asset objects reloaded before import = 0
Number of asset objects unloaded after import = 0
========================================================================
Received Import Request.
  Time since last request: 179.026906 seconds.
  path: Assets/Prefabs/TOWN/2.prefab
  artifactKey: Guid(7e6ae157a9cf2624fb699919c1c3abad) Importer(815301076,1909f56bfc062723c751e8b465ee728b)
Start importing Assets/Prefabs/TOWN/2.prefab using Guid(7e6ae157a9cf2624fb699919c1c3abad) Importer(815301076,1909f56bfc062723c751e8b465ee728b)  -> (artifact id: 'ec9082e59216ebcc5c4eec397320cfd6') in 0.017812 seconds
Number of updated asset objects reloaded before import = 0
Number of asset objects unloaded after import = 44
========================================================================
Received Import Request.
  Time since last request: 1.855743 seconds.
  path: Assets/Prefabs/TOWN/3.prefab
  artifactKey: Guid(f0b89239f1a4b8d408df87a262172df6) Importer(815301076,1909f56bfc062723c751e8b465ee728b)
Start importing Assets/Prefabs/TOWN/3.prefab using Guid(f0b89239f1a4b8d408df87a262172df6) Importer(815301076,1909f56bfc062723c751e8b465ee728b)  -> (artifact id: 'fd207d96bc86d7ff4dc3e6c73a341f9a') in 0.016962 seconds
Number of updated asset objects reloaded before import = 0
Number of asset objects unloaded after import = 31
========================================================================
Received Import Request.
  Time since last request: 154.426121 seconds.
  path: Assets/Scripts/Systems/ProceduralGeneration.cs
  artifactKey: Guid(54e945cd996dc7041b33423c8f0f2a3d) Importer(815301076,1909f56bfc062723c751e8b465ee728b)
Start importing Assets/Scripts/Systems/ProceduralGeneration.cs using Guid(54e945cd996dc7041b33423c8f0f2a3d) Importer(815301076,1909f56bfc062723c751e8b465ee728b)  -> (artifact id: '7d6b75044b53799730274f16dcd145c5') in 0.000805 seconds
Number of updated asset objects reloaded before import = 0
Number of asset objects unloaded after import = 0
========================================================================
Received Prepare
Begin MonoManager ReloadAssembly
- Loaded All Assemblies, in  0.657 seconds
Refreshing native plugins compatible for Editor in 3.82 ms, found 4 plugins.
Native extension for WindowsStandalone target not found
[Package Manager] Server::EnsureServerProcessIsRunning -- launch failed, reason: Unity was launched with the -noUpm command-line argument
[Package Manager] UpmClient::Send -- Unable to send message (not connected to UPM process).
[Package Manager] Cannot connect to Unity Package Manager local server
Mono: successfully reloaded assembly
- Finished resetting the current domain, in  1.597 seconds
Domain Reload Profiling: 2251ms
	BeginReloadAssembly (234ms)
		ExecutionOrderSort (0ms)
		DisableScriptedObjects (17ms)
		BackupInstance (0ms)
		ReleaseScriptingObjects (0ms)
		CreateAndSetChildDomain (45ms)
	RebuildCommonClasses (52ms)
	RebuildNativeTypeToScriptingClass (16ms)
	initialDomainReloadingComplete (41ms)
	LoadAllAssembliesAndSetupDomain (310ms)
		LoadAssemblies (400ms)
		RebuildTransferFunctionScriptingTraits (0ms)
		AnalyzeDomain (41ms)
			TypeCache.Refresh (12ms)
				TypeCache.ScanAssembly (0ms)
			ScanForSourceGeneratedMonoScriptInfo (17ms)
			ResolveRequiredComponents (12ms)
	FinalizeReload (1598ms)
		ReleaseScriptCaches (0ms)
		RebuildScriptCaches (0ms)
		SetupLoadedEditorAssemblies (743ms)
			LogAssemblyErrors (0ms)
			InitializePlatformSupportModulesInManaged (9ms)
			SetLoadedEditorAssemblies (6ms)
			RefreshPlugins (0ms)
			BeforeProcessingInitializeOnLoad (104ms)
			ProcessInitializeOnLoadAttributes (549ms)
			ProcessInitializeOnLoadMethodAttributes (57ms)
			AfterProcessingInitializeOnLoad (18ms)
			EditorAssembliesLoaded (0ms)
		ExecutionOrderSort2 (0ms)
		AwakeInstancesAfterBackupRestoration (22ms)
Refreshing native plugins compatible for Editor in 4.23 ms, found 4 plugins.
Preloading 0 native plugins for Editor in 0.00 ms.
Unloading 4031 Unused Serialized files (Serialized files now loaded: 0)
Unloading 42 unused Assets / (216.7 KB). Loaded Objects now: 4520.
Memory consumption went from 148.4 MB to 148.2 MB.
Total: 5.572600 ms (FindLiveObjects: 0.304500 ms CreateObjectMapping: 0.191000 ms MarkObjects: 4.818800 ms  DeleteObjects: 0.256000 ms)

Prepare: number of updated asset objects reloaded= 0
AssetImportParameters requested are different than current active one (requested -> active):
  custom:container-demuxer-ogg: 62fdf1f143b41e24485cea50d1cbac27 -> 
  custom:video-decoder-ogg-theora: a1e56fd34408186e4bbccfd4996cb3dc -> 
  custom:framework-win-MediaFoundation: 216162199b28c13a410421893ffa2e32 -> 
  custom:CustomObjectIndexerAttribute: 9a22284fe3817be447336de3de66b15e -> 
  custom:container-demuxer-webm: 4f35f7cbe854078d1ac9338744f61a02 -> 
  custom:container-muxer-webm: aa71ff27fc2769a1b78a27578f13a17b -> 
  custom:video-decoder-webm-vp8: 9c59270c3fd7afecdb556c50c9e8de78 -> 
  custom:SearchIndexIgnoredProperties: e643bd26f0fe6173181afceb89e7c659 -> 
  custom:AudioImporter_EditorPlatform: d09bf68614088b80899f8185d706f6e7 -> 
  custom:video-encoder-webm-vp8: eb34c28f22e8b96e1ab97ce403110664 -> 
  custom:audio-decoder-ogg-vorbis: bf7c407c2cedff20999df2af8eb42d56 -> 
  custom:audio-encoder-webm-vorbis: bf7c407c2cedff20999df2af8eb42d56 -> 
========================================================================
Received Import Request.
  Time since last request: 43.968651 seconds.
  path: Assets/Scripts/Systems/ProceduralGeneration.cs
  artifactKey: Guid(54e945cd996dc7041b33423c8f0f2a3d) Importer(815301076,1909f56bfc062723c751e8b465ee728b)
Start importing Assets/Scripts/Systems/ProceduralGeneration.cs using Guid(54e945cd996dc7041b33423c8f0f2a3d) Importer(815301076,1909f56bfc062723c751e8b465ee728b)  -> (artifact id: '00000000000000000000000000000000') in 0.004671 seconds
Import Error Code:(4)
Message: Build asset version error: assets/scripts/systems/proceduralgeneration.cs in SourceAssetDB has modification time of '2024-05-01T14:32:59.5435024Z' while content on disk has modification time of '2024-05-01T14:33:00.7136717Z'
  ERROR: Build asset version error: assets/scripts/systems/proceduralgeneration.cs in SourceAssetDB has modification time of '2024-05-01T14:32:59.5435024Z' while content on disk has modification time of '2024-05-01T14:33:00.7136717Z'
Number of updated asset objects reloaded before import = 0
Number of asset objects unloaded after import = 0
========================================================================
Received Import Request.
  Time since last request: 0.009155 seconds.
  path: Assets/Scripts/Systems/ProceduralGeneration.cs
  artifactKey: Guid(54e945cd996dc7041b33423c8f0f2a3d) Importer(815301076,1909f56bfc062723c751e8b465ee728b)
Start importing Assets/Scripts/Systems/ProceduralGeneration.cs using Guid(54e945cd996dc7041b33423c8f0f2a3d) Importer(815301076,1909f56bfc062723c751e8b465ee728b)  -> (artifact id: '00000000000000000000000000000000') in 0.000968 seconds
Import Error Code:(4)
Message: Build asset version error: assets/scripts/systems/proceduralgeneration.cs in SourceAssetDB has modification time of '2024-05-01T14:32:59.5435024Z' while content on disk has modification time of '2024-05-01T14:33:00.7136717Z'
  ERROR: Build asset version error: assets/scripts/systems/proceduralgeneration.cs in SourceAssetDB has modification time of '2024-05-01T14:32:59.5435024Z' while content on disk has modification time of '2024-05-01T14:33:00.7136717Z'
Number of updated asset objects reloaded before import = 0
Number of asset objects unloaded after import = 0
========================================================================
Received Import Request.
  Time since last request: 0.691945 seconds.
  path: Assets/Scripts/Systems/ProceduralGeneration.cs
  artifactKey: Guid(54e945cd996dc7041b33423c8f0f2a3d) Importer(815301076,1909f56bfc062723c751e8b465ee728b)
Start importing Assets/Scripts/Systems/ProceduralGeneration.cs using Guid(54e945cd996dc7041b33423c8f0f2a3d) Importer(815301076,1909f56bfc062723c751e8b465ee728b)  -> (artifact id: '00000000000000000000000000000000') in 0.001357 seconds
Import Error Code:(4)
Message: Build asset version error: assets/scripts/systems/proceduralgeneration.cs in SourceAssetDB has modification time of '2024-05-01T14:32:59.5435024Z' while content on disk has modification time of '2024-05-01T14:33:00.7136717Z'
  ERROR: Build asset version error: assets/scripts/systems/proceduralgeneration.cs in SourceAssetDB has modification time of '2024-05-01T14:32:59.5435024Z' while content on disk has modification time of '2024-05-01T14:33:00.7136717Z'
Number of updated asset objects reloaded before import = 0
Number of asset objects unloaded after import = 0
========================================================================
Received Import Request.
  Time since last request: 0.070359 seconds.
  path: Assets/Scripts/Systems/ProceduralGeneration.cs
  artifactKey: Guid(54e945cd996dc7041b33423c8f0f2a3d) Importer(815301076,1909f56bfc062723c751e8b465ee728b)
Start importing Assets/Scripts/Systems/ProceduralGeneration.cs using Guid(54e945cd996dc7041b33423c8f0f2a3d) Importer(815301076,1909f56bfc062723c751e8b465ee728b)  -> (artifact id: '00000000000000000000000000000000') in 0.001884 seconds
Import Error Code:(4)
Message: Build asset version error: assets/scripts/systems/proceduralgeneration.cs in SourceAssetDB has modification time of '2024-05-01T14:32:59.5435024Z' while content on disk has modification time of '2024-05-01T14:33:00.7136717Z'
  ERROR: Build asset version error: assets/scripts/systems/proceduralgeneration.cs in SourceAssetDB has modification time of '2024-05-01T14:32:59.5435024Z' while content on disk has modification time of '2024-05-01T14:33:00.7136717Z'
Number of updated asset objects reloaded before import = 0
Number of asset objects unloaded after import = 0
========================================================================
Received Import Request.
  Time since last request: 0.000711 seconds.
  path: Assets/Scripts/Systems/ProceduralGeneration.cs
  artifactKey: Guid(54e945cd996dc7041b33423c8f0f2a3d) Importer(815301076,1909f56bfc062723c751e8b465ee728b)
Start importing Assets/Scripts/Systems/ProceduralGeneration.cs using Guid(54e945cd996dc7041b33423c8f0f2a3d) Importer(815301076,1909f56bfc062723c751e8b465ee728b)  -> (artifact id: '00000000000000000000000000000000') in 0.001406 seconds
Import Error Code:(4)
Message: Build asset version error: assets/scripts/systems/proceduralgeneration.cs in SourceAssetDB has modification time of '2024-05-01T14:32:59.5435024Z' while content on disk has modification time of '2024-05-01T14:33:00.7136717Z'
  ERROR: Build asset version error: assets/scripts/systems/proceduralgeneration.cs in SourceAssetDB has modification time of '2024-05-01T14:32:59.5435024Z' while content on disk has modification time of '2024-05-01T14:33:00.7136717Z'
Number of updated asset objects reloaded before import = 0
Number of asset objects unloaded after import = 0
========================================================================
Received Import Request.
  Time since last request: 0.034689 seconds.
  path: Assets/Scripts/Systems/ProceduralGeneration.cs
  artifactKey: Guid(54e945cd996dc7041b33423c8f0f2a3d) Importer(815301076,1909f56bfc062723c751e8b465ee728b)
Start importing Assets/Scripts/Systems/ProceduralGeneration.cs using Guid(54e945cd996dc7041b33423c8f0f2a3d) Importer(815301076,1909f56bfc062723c751e8b465ee728b)  -> (artifact id: '00000000000000000000000000000000') in 0.001118 seconds
Import Error Code:(4)
Message: Build asset version error: assets/scripts/systems/proceduralgeneration.cs in SourceAssetDB has modification time of '2024-05-01T14:32:59.5435024Z' while content on disk has modification time of '2024-05-01T14:33:00.7136717Z'
  ERROR: Build asset version error: assets/scripts/systems/proceduralgeneration.cs in SourceAssetDB has modification time of '2024-05-01T14:32:59.5435024Z' while content on disk has modification time of '2024-05-01T14:33:00.7136717Z'
Number of updated asset objects reloaded before import = 0
Number of asset objects unloaded after import = 0
========================================================================
Received Import Request.
  Time since last request: 0.044226 seconds.
  path: Assets/Scripts/Systems/ProceduralGeneration.cs
  artifactKey: Guid(54e945cd996dc7041b33423c8f0f2a3d) Importer(815301076,1909f56bfc062723c751e8b465ee728b)
Start importing Assets/Scripts/Systems/ProceduralGeneration.cs using Guid(54e945cd996dc7041b33423c8f0f2a3d) Importer(815301076,1909f56bfc062723c751e8b465ee728b)  -> (artifact id: '00000000000000000000000000000000') in 0.002917 seconds
Import Error Code:(4)
Message: Build asset version error: assets/scripts/systems/proceduralgeneration.cs in SourceAssetDB has modification time of '2024-05-01T14:32:59.5435024Z' while content on disk has modification time of '2024-05-01T14:33:00.7136717Z'
  ERROR: Build asset version error: assets/scripts/systems/proceduralgeneration.cs in SourceAssetDB has modification time of '2024-05-01T14:32:59.5435024Z' while content on disk has modification time of '2024-05-01T14:33:00.7136717Z'
Number of updated asset objects reloaded before import = 0
Number of asset objects unloaded after import = 0
========================================================================
Received Import Request.
  Time since last request: 0.040370 seconds.
  path: Assets/Scripts/Systems/ProceduralGeneration.cs
  artifactKey: Guid(54e945cd996dc7041b33423c8f0f2a3d) Importer(815301076,1909f56bfc062723c751e8b465ee728b)
Start importing Assets/Scripts/Systems/ProceduralGeneration.cs using Guid(54e945cd996dc7041b33423c8f0f2a3d) Importer(815301076,1909f56bfc062723c751e8b465ee728b)  -> (artifact id: '00000000000000000000000000000000') in 0.003177 seconds
Import Error Code:(4)
Message: Build asset version error: assets/scripts/systems/proceduralgeneration.cs in SourceAssetDB has modification time of '2024-05-01T14:32:59.5435024Z' while content on disk has modification time of '2024-05-01T14:33:00.7136717Z'
  ERROR: Build asset version error: assets/scripts/systems/proceduralgeneration.cs in SourceAssetDB has modification time of '2024-05-01T14:32:59.5435024Z' while content on disk has modification time of '2024-05-01T14:33:00.7136717Z'
Number of updated asset objects reloaded before import = 0
Number of asset objects unloaded after import = 0
========================================================================
Received Import Request.
  Time since last request: 0.045332 seconds.
  path: Assets/Scripts/Systems/ProceduralGeneration.cs
  artifactKey: Guid(54e945cd996dc7041b33423c8f0f2a3d) Importer(815301076,1909f56bfc062723c751e8b465ee728b)
Start importing Assets/Scripts/Systems/ProceduralGeneration.cs using Guid(54e945cd996dc7041b33423c8f0f2a3d) Importer(815301076,1909f56bfc062723c751e8b465ee728b)  -> (artifact id: '00000000000000000000000000000000') in 0.001172 seconds
Import Error Code:(4)
Message: Build asset version error: assets/scripts/systems/proceduralgeneration.cs in SourceAssetDB has modification time of '2024-05-01T14:32:59.5435024Z' while content on disk has modification time of '2024-05-01T14:33:00.7136717Z'
  ERROR: Build asset version error: assets/scripts/systems/proceduralgeneration.cs in SourceAssetDB has modification time of '2024-05-01T14:32:59.5435024Z' while content on disk has modification time of '2024-05-01T14:33:00.7136717Z'
Number of updated asset objects reloaded before import = 0
Number of asset objects unloaded after import = 0
========================================================================
Received Import Request.
  Time since last request: 0.035622 seconds.
  path: Assets/Scripts/Systems/ProceduralGeneration.cs
  artifactKey: Guid(54e945cd996dc7041b33423c8f0f2a3d) Importer(815301076,1909f56bfc062723c751e8b465ee728b)
Start importing Assets/Scripts/Systems/ProceduralGeneration.cs using Guid(54e945cd996dc7041b33423c8f0f2a3d) Importer(815301076,1909f56bfc062723c751e8b465ee728b)  -> (artifact id: '00000000000000000000000000000000') in 0.000918 seconds
Import Error Code:(4)
Message: Build asset version error: assets/scripts/systems/proceduralgeneration.cs in SourceAssetDB has modification time of '2024-05-01T14:32:59.5435024Z' while content on disk has modification time of '2024-05-01T14:33:00.7136717Z'
  ERROR: Build asset version error: assets/scripts/systems/proceduralgeneration.cs in SourceAssetDB has modification time of '2024-05-01T14:32:59.5435024Z' while content on disk has modification time of '2024-05-01T14:33:00.7136717Z'
Number of updated asset objects reloaded before import = 0
Number of asset objects unloaded after import = 0
========================================================================
Received Import Request.
  Time since last request: 0.030966 seconds.
  path: Assets/Scripts/Systems/ProceduralGeneration.cs
  artifactKey: Guid(54e945cd996dc7041b33423c8f0f2a3d) Importer(815301076,1909f56bfc062723c751e8b465ee728b)
Start importing Assets/Scripts/Systems/ProceduralGeneration.cs using Guid(54e945cd996dc7041b33423c8f0f2a3d) Importer(815301076,1909f56bfc062723c751e8b465ee728b)  -> (artifact id: '00000000000000000000000000000000') in 0.000936 seconds
Import Error Code:(4)
Message: Build asset version error: assets/scripts/systems/proceduralgeneration.cs in SourceAssetDB has modification time of '2024-05-01T14:32:59.5435024Z' while content on disk has modification time of '2024-05-01T14:33:00.7136717Z'
  ERROR: Build asset version error: assets/scripts/systems/proceduralgeneration.cs in SourceAssetDB has modification time of '2024-05-01T14:32:59.5435024Z' while content on disk has modification time of '2024-05-01T14:33:00.7136717Z'
Number of updated asset objects reloaded before import = 0
Number of asset objects unloaded after import = 0
========================================================================
Received Import Request.
  Time since last request: 0.038162 seconds.
  path: Assets/Scripts/Systems/ProceduralGeneration.cs
  artifactKey: Guid(54e945cd996dc7041b33423c8f0f2a3d) Importer(815301076,1909f56bfc062723c751e8b465ee728b)
Start importing Assets/Scripts/Systems/ProceduralGeneration.cs using Guid(54e945cd996dc7041b33423c8f0f2a3d) Importer(815301076,1909f56bfc062723c751e8b465ee728b)  -> (artifact id: '00000000000000000000000000000000') in 0.005786 seconds
Import Error Code:(4)
Message: Build asset version error: assets/scripts/systems/proceduralgeneration.cs in SourceAssetDB has modification time of '2024-05-01T14:32:59.5435024Z' while content on disk has modification time of '2024-05-01T14:33:00.7136717Z'
  ERROR: Build asset version error: assets/scripts/systems/proceduralgeneration.cs in SourceAssetDB has modification time of '2024-05-01T14:32:59.5435024Z' while content on disk has modification time of '2024-05-01T14:33:00.7136717Z'
Number of updated asset objects reloaded before import = 0
Number of asset objects unloaded after import = 0
========================================================================
Received Import Request.
  Time since last request: 0.032190 seconds.
  path: Assets/Scripts/Systems/ProceduralGeneration.cs
  artifactKey: Guid(54e945cd996dc7041b33423c8f0f2a3d) Importer(815301076,1909f56bfc062723c751e8b465ee728b)
Start importing Assets/Scripts/Systems/ProceduralGeneration.cs using Guid(54e945cd996dc7041b33423c8f0f2a3d) Importer(815301076,1909f56bfc062723c751e8b465ee728b)  -> (artifact id: '00000000000000000000000000000000') in 0.001592 seconds
Import Error Code:(4)
Message: Build asset version error: assets/scripts/systems/proceduralgeneration.cs in SourceAssetDB has modification time of '2024-05-01T14:32:59.5435024Z' while content on disk has modification time of '2024-05-01T14:33:00.7136717Z'
  ERROR: Build asset version error: assets/scripts/systems/proceduralgeneration.cs in SourceAssetDB has modification time of '2024-05-01T14:32:59.5435024Z' while content on disk has modification time of '2024-05-01T14:33:00.7136717Z'
Number of updated asset objects reloaded before import = 0
Number of asset objects unloaded after import = 0
========================================================================
Received Import Request.
  Time since last request: 0.035601 seconds.
  path: Assets/Scripts/Systems/ProceduralGeneration.cs
  artifactKey: Guid(54e945cd996dc7041b33423c8f0f2a3d) Importer(815301076,1909f56bfc062723c751e8b465ee728b)
Start importing Assets/Scripts/Systems/ProceduralGeneration.cs using Guid(54e945cd996dc7041b33423c8f0f2a3d) Importer(815301076,1909f56bfc062723c751e8b465ee728b)  -> (artifact id: '00000000000000000000000000000000') in 0.001015 seconds
Import Error Code:(4)
Message: Build asset version error: assets/scripts/systems/proceduralgeneration.cs in SourceAssetDB has modification time of '2024-05-01T14:32:59.5435024Z' while content on disk has modification time of '2024-05-01T14:33:00.7136717Z'
  ERROR: Build asset version error: assets/scripts/systems/proceduralgeneration.cs in SourceAssetDB has modification time of '2024-05-01T14:32:59.5435024Z' while content on disk has modification time of '2024-05-01T14:33:00.7136717Z'
Number of updated asset objects reloaded before import = 0
Number of asset objects unloaded after import = 0
========================================================================
Received Import Request.
  Time since last request: 0.039041 seconds.
  path: Assets/Scripts/Systems/ProceduralGeneration.cs
  artifactKey: Guid(54e945cd996dc7041b33423c8f0f2a3d) Importer(815301076,1909f56bfc062723c751e8b465ee728b)
Start importing Assets/Scripts/Systems/ProceduralGeneration.cs using Guid(54e945cd996dc7041b33423c8f0f2a3d) Importer(815301076,1909f56bfc062723c751e8b465ee728b)  -> (artifact id: '00000000000000000000000000000000') in 0.038950 seconds
Import Error Code:(4)
Message: Build asset version error: assets/scripts/systems/proceduralgeneration.cs in SourceAssetDB has modification time of '2024-05-01T14:32:59.5435024Z' while content on disk has modification time of '2024-05-01T14:33:00.7136717Z'
  ERROR: Build asset version error: assets/scripts/systems/proceduralgeneration.cs in SourceAssetDB has modification time of '2024-05-01T14:32:59.5435024Z' while content on disk has modification time of '2024-05-01T14:33:00.7136717Z'
Number of updated asset objects reloaded before import = 0
Number of asset objects unloaded after import = 0
========================================================================
Received Import Request.
  Time since last request: 0.008753 seconds.
  path: Assets/Scripts/Systems/ProceduralGeneration.cs
  artifactKey: Guid(54e945cd996dc7041b33423c8f0f2a3d) Importer(815301076,1909f56bfc062723c751e8b465ee728b)
Start importing Assets/Scripts/Systems/ProceduralGeneration.cs using Guid(54e945cd996dc7041b33423c8f0f2a3d) Importer(815301076,1909f56bfc062723c751e8b465ee728b)  -> (artifact id: '00000000000000000000000000000000') in 0.014762 seconds
Import Error Code:(4)
Message: Build asset version error: assets/scripts/systems/proceduralgeneration.cs in SourceAssetDB has modification time of '2024-05-01T14:32:59.5435024Z' while content on disk has modification time of '2024-05-01T14:33:00.7136717Z'
  ERROR: Build asset version error: assets/scripts/systems/proceduralgeneration.cs in SourceAssetDB has modification time of '2024-05-01T14:32:59.5435024Z' while content on disk has modification time of '2024-05-01T14:33:00.7136717Z'
Number of updated asset objects reloaded before import = 0
Number of asset objects unloaded after import = 0
========================================================================
Received Import Request.
  Time since last request: 0.011140 seconds.
  path: Assets/Scripts/Systems/ProceduralGeneration.cs
  artifactKey: Guid(54e945cd996dc7041b33423c8f0f2a3d) Importer(815301076,1909f56bfc062723c751e8b465ee728b)
Start importing Assets/Scripts/Systems/ProceduralGeneration.cs using Guid(54e945cd996dc7041b33423c8f0f2a3d) Importer(815301076,1909f56bfc062723c751e8b465ee728b)  -> (artifact id: '00000000000000000000000000000000') in 0.000969 seconds
Import Error Code:(4)
Message: Build asset version error: assets/scripts/systems/proceduralgeneration.cs in SourceAssetDB has modification time of '2024-05-01T14:32:59.5435024Z' while content on disk has modification time of '2024-05-01T14:33:00.7136717Z'
  ERROR: Build asset version error: assets/scripts/systems/proceduralgeneration.cs in SourceAssetDB has modification time of '2024-05-01T14:32:59.5435024Z' while content on disk has modification time of '2024-05-01T14:33:00.7136717Z'
Number of updated asset objects reloaded before import = 0
Number of asset objects unloaded after import = 0
========================================================================
Received Import Request.
  Time since last request: 0.034777 seconds.
  path: Assets/Scripts/Systems/ProceduralGeneration.cs
  artifactKey: Guid(54e945cd996dc7041b33423c8f0f2a3d) Importer(815301076,1909f56bfc062723c751e8b465ee728b)
Start importing Assets/Scripts/Systems/ProceduralGeneration.cs using Guid(54e945cd996dc7041b33423c8f0f2a3d) Importer(815301076,1909f56bfc062723c751e8b465ee728b)  -> (artifact id: '00000000000000000000000000000000') in 0.000868 seconds
Import Error Code:(4)
Message: Build asset version error: assets/scripts/systems/proceduralgeneration.cs in SourceAssetDB has modification time of '2024-05-01T14:32:59.5435024Z' while content on disk has modification time of '2024-05-01T14:33:00.7136717Z'
  ERROR: Build asset version error: assets/scripts/systems/proceduralgeneration.cs in SourceAssetDB has modification time of '2024-05-01T14:32:59.5435024Z' while content on disk has modification time of '2024-05-01T14:33:00.7136717Z'
Number of updated asset objects reloaded before import = 0
Number of asset objects unloaded after import = 0
========================================================================
Received Import Request.
  Time since last request: 0.035612 seconds.
  path: Assets/Scripts/Systems/ProceduralGeneration.cs
  artifactKey: Guid(54e945cd996dc7041b33423c8f0f2a3d) Importer(815301076,1909f56bfc062723c751e8b465ee728b)
Start importing Assets/Scripts/Systems/ProceduralGeneration.cs using Guid(54e945cd996dc7041b33423c8f0f2a3d) Importer(815301076,1909f56bfc062723c751e8b465ee728b)  -> (artifact id: '00000000000000000000000000000000') in 0.001366 seconds
Import Error Code:(4)
Message: Build asset version error: assets/scripts/systems/proceduralgeneration.cs in SourceAssetDB has modification time of '2024-05-01T14:32:59.5435024Z' while content on disk has modification time of '2024-05-01T14:33:00.7136717Z'
  ERROR: Build asset version error: assets/scripts/systems/proceduralgeneration.cs in SourceAssetDB has modification time of '2024-05-01T14:32:59.5435024Z' while content on disk has modification time of '2024-05-01T14:33:00.7136717Z'
Number of updated asset objects reloaded before import = 0
Number of asset objects unloaded after import = 0
========================================================================
Received Import Request.
  Time since last request: 0.036658 seconds.
  path: Assets/Scripts/Systems/ProceduralGeneration.cs
  artifactKey: Guid(54e945cd996dc7041b33423c8f0f2a3d) Importer(815301076,1909f56bfc062723c751e8b465ee728b)
Start importing Assets/Scripts/Systems/ProceduralGeneration.cs using Guid(54e945cd996dc7041b33423c8f0f2a3d) Importer(815301076,1909f56bfc062723c751e8b465ee728b)  -> (artifact id: '00000000000000000000000000000000') in 0.001991 seconds
Import Error Code:(4)
Message: Build asset version error: assets/scripts/systems/proceduralgeneration.cs in SourceAssetDB has modification time of '2024-05-01T14:32:59.5435024Z' while content on disk has modification time of '2024-05-01T14:33:00.7136717Z'
  ERROR: Build asset version error: assets/scripts/systems/proceduralgeneration.cs in SourceAssetDB has modification time of '2024-05-01T14:32:59.5435024Z' while content on disk has modification time of '2024-05-01T14:33:00.7136717Z'
Number of updated asset objects reloaded before import = 0
Number of asset objects unloaded after import = 0
========================================================================
Received Prepare
Begin MonoManager ReloadAssembly
- Loaded All Assemblies, in  0.736 seconds
Refreshing native plugins compatible for Editor in 3.54 ms, found 4 plugins.
Native extension for WindowsStandalone target not found
[Package Manager] Server::EnsureServerProcessIsRunning -- launch failed, reason: Unity was launched with the -noUpm command-line argument
[Package Manager] UpmClient::Send -- Unable to send message (not connected to UPM process).
[Package Manager] Cannot connect to Unity Package Manager local server
Mono: successfully reloaded assembly
- Finished resetting the current domain, in  1.662 seconds
Domain Reload Profiling: 2395ms
	BeginReloadAssembly (260ms)
		ExecutionOrderSort (0ms)
		DisableScriptedObjects (20ms)
		BackupInstance (0ms)
		ReleaseScriptingObjects (0ms)
		CreateAndSetChildDomain (59ms)
	RebuildCommonClasses (52ms)
	RebuildNativeTypeToScriptingClass (27ms)
	initialDomainReloadingComplete (47ms)
	LoadAllAssembliesAndSetupDomain (347ms)
		LoadAssemblies (437ms)
		RebuildTransferFunctionScriptingTraits (0ms)
		AnalyzeDomain (48ms)
			TypeCache.Refresh (16ms)
				TypeCache.ScanAssembly (0ms)
			ScanForSourceGeneratedMonoScriptInfo (21ms)
			ResolveRequiredComponents (10ms)
	FinalizeReload (1662ms)
		ReleaseScriptCaches (0ms)
		RebuildScriptCaches (0ms)
		SetupLoadedEditorAssemblies (854ms)
			LogAssemblyErrors (0ms)
			InitializePlatformSupportModulesInManaged (11ms)
			SetLoadedEditorAssemblies (6ms)
			RefreshPlugins (0ms)
			BeforeProcessingInitializeOnLoad (126ms)
			ProcessInitializeOnLoadAttributes (582ms)
			ProcessInitializeOnLoadMethodAttributes (109ms)
			AfterProcessingInitializeOnLoad (20ms)
			EditorAssembliesLoaded (0ms)
		ExecutionOrderSort2 (0ms)
		AwakeInstancesAfterBackupRestoration (32ms)
Script is not up to date after domain reload: guid(54e945cd996dc7041b33423c8f0f2a3d) path("Assets/Scripts/Systems/ProceduralGeneration.cs") state(2)
Refreshing native plugins compatible for Editor in 4.34 ms, found 4 plugins.
Preloading 0 native plugins for Editor in 0.00 ms.
Unloading 4030 Unused Serialized files (Serialized files now loaded: 0)
Unloading 42 unused Assets / (216.6 KB). Loaded Objects now: 4523.
Memory consumption went from 150.3 MB to 150.1 MB.
Total: 4.296700 ms (FindLiveObjects: 0.339000 ms CreateObjectMapping: 0.258100 ms MarkObjects: 3.459900 ms  DeleteObjects: 0.238200 ms)

Prepare: number of updated asset objects reloaded= 0
AssetImportParameters requested are different than current active one (requested -> active):
  custom:container-demuxer-ogg: 62fdf1f143b41e24485cea50d1cbac27 -> 
  custom:video-decoder-ogg-theora: a1e56fd34408186e4bbccfd4996cb3dc -> 
  custom:framework-win-MediaFoundation: 216162199b28c13a410421893ffa2e32 -> 
  custom:CustomObjectIndexerAttribute: 9a22284fe3817be447336de3de66b15e -> 
  custom:container-demuxer-webm: 4f35f7cbe854078d1ac9338744f61a02 -> 
  custom:container-muxer-webm: aa71ff27fc2769a1b78a27578f13a17b -> 
  custom:video-decoder-webm-vp8: 9c59270c3fd7afecdb556c50c9e8de78 -> 
  custom:SearchIndexIgnoredProperties: e643bd26f0fe6173181afceb89e7c659 -> 
  custom:AudioImporter_EditorPlatform: d09bf68614088b80899f8185d706f6e7 -> 
  custom:video-encoder-webm-vp8: eb34c28f22e8b96e1ab97ce403110664 -> 
  custom:audio-decoder-ogg-vorbis: bf7c407c2cedff20999df2af8eb42d56 -> 
  custom:audio-encoder-webm-vorbis: bf7c407c2cedff20999df2af8eb42d56 -> 
========================================================================
Received Prepare
Begin MonoManager ReloadAssembly
- Loaded All Assemblies, in  0.759 seconds
Refreshing native plugins compatible for Editor in 3.88 ms, found 4 plugins.
Native extension for WindowsStandalone target not found
[Package Manager] Server::EnsureServerProcessIsRunning -- launch failed, reason: Unity was launched with the -noUpm command-line argument
[Package Manager] UpmClient::Send -- Unable to send message (not connected to UPM process).
[Package Manager] Cannot connect to Unity Package Manager local server
Mono: successfully reloaded assembly
- Finished resetting the current domain, in  1.690 seconds
Domain Reload Profiling: 2447ms
	BeginReloadAssembly (294ms)
		ExecutionOrderSort (0ms)
		DisableScriptedObjects (32ms)
		BackupInstance (0ms)
		ReleaseScriptingObjects (0ms)
		CreateAndSetChildDomain (46ms)
	RebuildCommonClasses (70ms)
	RebuildNativeTypeToScriptingClass (19ms)
	initialDomainReloadingComplete (47ms)
	LoadAllAssembliesAndSetupDomain (324ms)
		LoadAssemblies (440ms)
		RebuildTransferFunctionScriptingTraits (0ms)
		AnalyzeDomain (20ms)
			TypeCache.Refresh (8ms)
				TypeCache.ScanAssembly (0ms)
			ScanForSourceGeneratedMonoScriptInfo (0ms)
			ResolveRequiredComponents (10ms)
	FinalizeReload (1691ms)
		ReleaseScriptCaches (0ms)
		RebuildScriptCaches (0ms)
		SetupLoadedEditorAssemblies (884ms)
			LogAssemblyErrors (0ms)
			InitializePlatformSupportModulesInManaged (14ms)
			SetLoadedEditorAssemblies (6ms)
			RefreshPlugins (0ms)
			BeforeProcessingInitializeOnLoad (128ms)
			ProcessInitializeOnLoadAttributes (659ms)
			ProcessInitializeOnLoadMethodAttributes (65ms)
			AfterProcessingInitializeOnLoad (11ms)
			EditorAssembliesLoaded (0ms)
		ExecutionOrderSort2 (0ms)
		AwakeInstancesAfterBackupRestoration (27ms)
Refreshing native plugins compatible for Editor in 4.12 ms, found 4 plugins.
Preloading 0 native plugins for Editor in 0.00 ms.
Unloading 4032 Unused Serialized files (Serialized files now loaded: 0)
Unloading 42 unused Assets / (216.6 KB). Loaded Objects now: 4528.
Memory consumption went from 152.5 MB to 152.3 MB.
Total: 4.315800 ms (FindLiveObjects: 0.373100 ms CreateObjectMapping: 0.191600 ms MarkObjects: 3.480100 ms  DeleteObjects: 0.269300 ms)

Prepare: number of updated asset objects reloaded= 0
AssetImportParameters requested are different than current active one (requested -> active):
  custom:container-demuxer-ogg: 62fdf1f143b41e24485cea50d1cbac27 -> 
  custom:video-decoder-ogg-theora: a1e56fd34408186e4bbccfd4996cb3dc -> 
  custom:framework-win-MediaFoundation: 216162199b28c13a410421893ffa2e32 -> 
  custom:CustomObjectIndexerAttribute: 9a22284fe3817be447336de3de66b15e -> 
  custom:container-demuxer-webm: 4f35f7cbe854078d1ac9338744f61a02 -> 
  custom:container-muxer-webm: aa71ff27fc2769a1b78a27578f13a17b -> 
  custom:video-decoder-webm-vp8: 9c59270c3fd7afecdb556c50c9e8de78 -> 
  custom:SearchIndexIgnoredProperties: e643bd26f0fe6173181afceb89e7c659 -> 
  custom:AudioImporter_EditorPlatform: d09bf68614088b80899f8185d706f6e7 -> 
  custom:video-encoder-webm-vp8: eb34c28f22e8b96e1ab97ce403110664 -> 
  custom:audio-decoder-ogg-vorbis: bf7c407c2cedff20999df2af8eb42d56 -> 
  custom:audio-encoder-webm-vorbis: bf7c407c2cedff20999df2af8eb42d56 -> 
========================================================================
Received Import Request.
  Time since last request: 14.183634 seconds.
  path: Assets/Scripts/Systems/ProceduralGeneration.cs
  artifactKey: Guid(54e945cd996dc7041b33423c8f0f2a3d) Importer(815301076,1909f56bfc062723c751e8b465ee728b)
Start importing Assets/Scripts/Systems/ProceduralGeneration.cs using Guid(54e945cd996dc7041b33423c8f0f2a3d) Importer(815301076,1909f56bfc062723c751e8b465ee728b)  -> (artifact id: 'fc1ecd25419b8ab69b9dc019961050de') in 0.003299 seconds
Number of updated asset objects reloaded before import = 0
Number of asset objects unloaded after import = 0
========================================================================
Received Prepare
Begin MonoManager ReloadAssembly
- Loaded All Assemblies, in  0.672 seconds
Refreshing native plugins compatible for Editor in 3.91 ms, found 4 plugins.
Native extension for WindowsStandalone target not found
[Package Manager] Server::EnsureServerProcessIsRunning -- launch failed, reason: Unity was launched with the -noUpm command-line argument
[Package Manager] UpmClient::Send -- Unable to send message (not connected to UPM process).
[Package Manager] Cannot connect to Unity Package Manager local server
Mono: successfully reloaded assembly
- Finished resetting the current domain, in  1.566 seconds
Domain Reload Profiling: 2235ms
	BeginReloadAssembly (241ms)
		ExecutionOrderSort (0ms)
		DisableScriptedObjects (18ms)
		BackupInstance (0ms)
		ReleaseScriptingObjects (0ms)
		CreateAndSetChildDomain (48ms)
	RebuildCommonClasses (64ms)
	RebuildNativeTypeToScriptingClass (17ms)
	initialDomainReloadingComplete (44ms)
	LoadAllAssembliesAndSetupDomain (303ms)
		LoadAssemblies (413ms)
		RebuildTransferFunctionScriptingTraits (0ms)
		AnalyzeDomain (21ms)
			TypeCache.Refresh (8ms)
				TypeCache.ScanAssembly (0ms)
			ScanForSourceGeneratedMonoScriptInfo (0ms)
			ResolveRequiredComponents (11ms)
	FinalizeReload (1567ms)
		ReleaseScriptCaches (0ms)
		RebuildScriptCaches (0ms)
		SetupLoadedEditorAssemblies (791ms)
			LogAssemblyErrors (0ms)
			InitializePlatformSupportModulesInManaged (8ms)
			SetLoadedEditorAssemblies (5ms)
			RefreshPlugins (0ms)
			BeforeProcessingInitializeOnLoad (110ms)
			ProcessInitializeOnLoadAttributes (585ms)
			ProcessInitializeOnLoadMethodAttributes (71ms)
			AfterProcessingInitializeOnLoad (12ms)
			EditorAssembliesLoaded (0ms)
		ExecutionOrderSort2 (0ms)
		AwakeInstancesAfterBackupRestoration (29ms)
Refreshing native plugins compatible for Editor in 6.03 ms, found 4 plugins.
Preloading 0 native plugins for Editor in 0.00 ms.
Unloading 4031 Unused Serialized files (Serialized files now loaded: 0)
Unloading 42 unused Assets / (216.6 KB). Loaded Objects now: 4532.
Memory consumption went from 154.2 MB to 154.0 MB.
Total: 4.771400 ms (FindLiveObjects: 0.328200 ms CreateObjectMapping: 0.199400 ms MarkObjects: 3.988400 ms  DeleteObjects: 0.253600 ms)

Prepare: number of updated asset objects reloaded= 0
AssetImportParameters requested are different than current active one (requested -> active):
  custom:container-demuxer-ogg: 62fdf1f143b41e24485cea50d1cbac27 -> 
  custom:video-decoder-ogg-theora: a1e56fd34408186e4bbccfd4996cb3dc -> 
  custom:framework-win-MediaFoundation: 216162199b28c13a410421893ffa2e32 -> 
  custom:CustomObjectIndexerAttribute: 9a22284fe3817be447336de3de66b15e -> 
  custom:container-demuxer-webm: 4f35f7cbe854078d1ac9338744f61a02 -> 
  custom:container-muxer-webm: aa71ff27fc2769a1b78a27578f13a17b -> 
  custom:video-decoder-webm-vp8: 9c59270c3fd7afecdb556c50c9e8de78 -> 
  custom:SearchIndexIgnoredProperties: e643bd26f0fe6173181afceb89e7c659 -> 
  custom:AudioImporter_EditorPlatform: d09bf68614088b80899f8185d706f6e7 -> 
  custom:video-encoder-webm-vp8: eb34c28f22e8b96e1ab97ce403110664 -> 
  custom:audio-decoder-ogg-vorbis: bf7c407c2cedff20999df2af8eb42d56 -> 
  custom:audio-encoder-webm-vorbis: bf7c407c2cedff20999df2af8eb42d56 -> 
========================================================================
Received Prepare
Begin MonoManager ReloadAssembly
- Loaded All Assemblies, in  0.659 seconds
Refreshing native plugins compatible for Editor in 4.94 ms, found 4 plugins.
Native extension for WindowsStandalone target not found
[Package Manager] Server::EnsureServerProcessIsRunning -- launch failed, reason: Unity was launched with the -noUpm command-line argument
[Package Manager] UpmClient::Send -- Unable to send message (not connected to UPM process).
[Package Manager] Cannot connect to Unity Package Manager local server
Mono: successfully reloaded assembly
- Finished resetting the current domain, in  1.437 seconds
Domain Reload Profiling: 2094ms
	BeginReloadAssembly (235ms)
		ExecutionOrderSort (0ms)
		DisableScriptedObjects (15ms)
		BackupInstance (0ms)
		ReleaseScriptingObjects (0ms)
		CreateAndSetChildDomain (54ms)
	RebuildCommonClasses (58ms)
	RebuildNativeTypeToScriptingClass (25ms)
	initialDomainReloadingComplete (55ms)
	LoadAllAssembliesAndSetupDomain (283ms)
		LoadAssemblies (390ms)
		RebuildTransferFunctionScriptingTraits (0ms)
		AnalyzeDomain (20ms)
			TypeCache.Refresh (8ms)
				TypeCache.ScanAssembly (0ms)
			ScanForSourceGeneratedMonoScriptInfo (0ms)
			ResolveRequiredComponents (11ms)
	FinalizeReload (1438ms)
		ReleaseScriptCaches (0ms)
		RebuildScriptCaches (0ms)
		SetupLoadedEditorAssemblies (770ms)
			LogAssemblyErrors (0ms)
			InitializePlatformSupportModulesInManaged (11ms)
			SetLoadedEditorAssemblies (6ms)
			RefreshPlugins (0ms)
			BeforeProcessingInitializeOnLoad (103ms)
			ProcessInitializeOnLoadAttributes (566ms)
			ProcessInitializeOnLoadMethodAttributes (70ms)
			AfterProcessingInitializeOnLoad (13ms)
			EditorAssembliesLoaded (0ms)
		ExecutionOrderSort2 (0ms)
		AwakeInstancesAfterBackupRestoration (27ms)
Refreshing native plugins compatible for Editor in 4.19 ms, found 4 plugins.
Preloading 0 native plugins for Editor in 0.00 ms.
Unloading 4032 Unused Serialized files (Serialized files now loaded: 0)
Unloading 42 unused Assets / (216.6 KB). Loaded Objects now: 4536.
Memory consumption went from 156.4 MB to 156.2 MB.
Total: 4.609500 ms (FindLiveObjects: 0.399500 ms CreateObjectMapping: 0.317200 ms MarkObjects: 3.623200 ms  DeleteObjects: 0.267800 ms)

Prepare: number of updated asset objects reloaded= 0
AssetImportParameters requested are different than current active one (requested -> active):
  custom:container-demuxer-ogg: 62fdf1f143b41e24485cea50d1cbac27 -> 
  custom:video-decoder-ogg-theora: a1e56fd34408186e4bbccfd4996cb3dc -> 
  custom:framework-win-MediaFoundation: 216162199b28c13a410421893ffa2e32 -> 
  custom:CustomObjectIndexerAttribute: 9a22284fe3817be447336de3de66b15e -> 
  custom:container-demuxer-webm: 4f35f7cbe854078d1ac9338744f61a02 -> 
  custom:container-muxer-webm: aa71ff27fc2769a1b78a27578f13a17b -> 
  custom:video-decoder-webm-vp8: 9c59270c3fd7afecdb556c50c9e8de78 -> 
  custom:SearchIndexIgnoredProperties: e643bd26f0fe6173181afceb89e7c659 -> 
  custom:AudioImporter_EditorPlatform: d09bf68614088b80899f8185d706f6e7 -> 
  custom:video-encoder-webm-vp8: eb34c28f22e8b96e1ab97ce403110664 -> 
  custom:audio-decoder-ogg-vorbis: bf7c407c2cedff20999df2af8eb42d56 -> 
  custom:audio-encoder-webm-vorbis: bf7c407c2cedff20999df2af8eb42d56 -> 
========================================================================
Received Prepare
Begin MonoManager ReloadAssembly
- Loaded All Assemblies, in  0.774 seconds
Refreshing native plugins compatible for Editor in 13.25 ms, found 4 plugins.
Native extension for WindowsStandalone target not found
[Package Manager] Server::EnsureServerProcessIsRunning -- launch failed, reason: Unity was launched with the -noUpm command-line argument
[Package Manager] UpmClient::Send -- Unable to send message (not connected to UPM process).
[Package Manager] Cannot connect to Unity Package Manager local server
Mono: successfully reloaded assembly
- Finished resetting the current domain, in  1.424 seconds
Domain Reload Profiling: 2196ms
	BeginReloadAssembly (292ms)
		ExecutionOrderSort (0ms)
		DisableScriptedObjects (20ms)
		BackupInstance (0ms)
		ReleaseScriptingObjects (0ms)
		CreateAndSetChildDomain (69ms)
	RebuildCommonClasses (74ms)
	RebuildNativeTypeToScriptingClass (28ms)
	initialDomainReloadingComplete (54ms)
	LoadAllAssembliesAndSetupDomain (322ms)
		LoadAssemblies (453ms)
		RebuildTransferFunctionScriptingTraits (0ms)
		AnalyzeDomain (30ms)
			TypeCache.Refresh (11ms)
				TypeCache.ScanAssembly (0ms)
			ScanForSourceGeneratedMonoScriptInfo (0ms)
			ResolveRequiredComponents (17ms)
	FinalizeReload (1425ms)
		ReleaseScriptCaches (0ms)
		RebuildScriptCaches (0ms)
		SetupLoadedEditorAssemblies (662ms)
			LogAssemblyErrors (0ms)
			InitializePlatformSupportModulesInManaged (9ms)
			SetLoadedEditorAssemblies (4ms)
			RefreshPlugins (0ms)
			BeforeProcessingInitializeOnLoad (96ms)
			ProcessInitializeOnLoadAttributes (495ms)
			ProcessInitializeOnLoadMethodAttributes (47ms)
			AfterProcessingInitializeOnLoad (11ms)
			EditorAssembliesLoaded (1ms)
		ExecutionOrderSort2 (0ms)
		AwakeInstancesAfterBackupRestoration (24ms)
Refreshing native plugins compatible for Editor in 5.02 ms, found 4 plugins.
Preloading 0 native plugins for Editor in 0.00 ms.
Unloading 4032 Unused Serialized files (Serialized files now loaded: 0)
Unloading 42 unused Assets / (216.7 KB). Loaded Objects now: 4540.
Memory consumption went from 158.3 MB to 158.1 MB.
Total: 6.501100 ms (FindLiveObjects: 0.363300 ms CreateObjectMapping: 0.239500 ms MarkObjects: 5.496500 ms  DeleteObjects: 0.399000 ms)

Prepare: number of updated asset objects reloaded= 0
AssetImportParameters requested are different than current active one (requested -> active):
  custom:container-demuxer-ogg: 62fdf1f143b41e24485cea50d1cbac27 -> 
  custom:video-decoder-ogg-theora: a1e56fd34408186e4bbccfd4996cb3dc -> 
  custom:framework-win-MediaFoundation: 216162199b28c13a410421893ffa2e32 -> 
  custom:CustomObjectIndexerAttribute: 9a22284fe3817be447336de3de66b15e -> 
  custom:container-demuxer-webm: 4f35f7cbe854078d1ac9338744f61a02 -> 
  custom:container-muxer-webm: aa71ff27fc2769a1b78a27578f13a17b -> 
  custom:video-decoder-webm-vp8: 9c59270c3fd7afecdb556c50c9e8de78 -> 
  custom:SearchIndexIgnoredProperties: e643bd26f0fe6173181afceb89e7c659 -> 
  custom:AudioImporter_EditorPlatform: d09bf68614088b80899f8185d706f6e7 -> 
  custom:video-encoder-webm-vp8: eb34c28f22e8b96e1ab97ce403110664 -> 
  custom:audio-decoder-ogg-vorbis: bf7c407c2cedff20999df2af8eb42d56 -> 
  custom:audio-encoder-webm-vorbis: bf7c407c2cedff20999df2af8eb42d56 -> 
